\BOOKMARK [0][-]{toc.0}{Contents}{}% 1
\BOOKMARK [0][-]{chapter*.2}{Contents}{}% 2
\BOOKMARK [0][-]{chapter.3}{Introduction}{}% 3
\BOOKMARK [0][-]{chapter.9}{Science with ILC}{}% 4
\BOOKMARK [0][-]{chapter.10}{The ILC Environment}{}% 5
\BOOKMARK [0][-]{chapter.11}{The ILD detector concept}{}% 6
\BOOKMARK [1][-]{section.12}{The overall ILD concept}{chapter.11}% 7
\BOOKMARK [1][-]{section.13}{Optimising ILD}{chapter.11}% 8
\BOOKMARK [0][-]{chapter.14}{Detector Layout and Technologies}{}% 9
\BOOKMARK [1][-]{section.15}{Overall structure of the detector}{chapter.14}% 10
\BOOKMARK [2][-]{subsection.16}{Global structure and parameters}{section.15}% 11
\BOOKMARK [2][-]{subsection.17}{Subdetecor layout}{section.15}% 12
\BOOKMARK [1][-]{section.18}{Subdetector technology status}{chapter.14}% 13
\BOOKMARK [2][-]{subsection.19}{Vertex detector}{section.18}% 14
\BOOKMARK [2][-]{subsection.20}{Silicon inner tracking detectors}{section.18}% 15
\BOOKMARK [2][-]{subsection.21}{Time projection chamber}{section.18}% 16
\BOOKMARK [2][-]{subsection.22}{Calorimeters}{section.18}% 17
\BOOKMARK [2][-]{subsection.23}{Very forward detectors}{section.18}% 18
\BOOKMARK [2][-]{subsection.24}{Iron instrumentation}{section.18}% 19
\BOOKMARK [0][-]{chapter.25}{ILD Global Integration}{}% 20
\BOOKMARK [1][-]{section.26}{Internal ILD integration}{chapter.25}% 21
\BOOKMARK [1][-]{section.27}{external ILD integration}{chapter.25}% 22
\BOOKMARK [2][-]{subsection.28}{Cavern ancillary services}{section.27}% 23
\BOOKMARK [2][-]{subsection.29}{Data acquisition}{section.27}% 24
\BOOKMARK [1][-]{section.30}{Mechanical structure and studies}{chapter.25}% 25
\BOOKMARK [1][-]{section.31}{Coil and yoke studies}{chapter.25}% 26
\BOOKMARK [1][-]{section.32}{Beam background studies}{chapter.25}% 27
\BOOKMARK [1][-]{section.33}{Alignment/ calibration procedures}{chapter.25}% 28
\BOOKMARK [0][-]{chapter.34}{Physics and Detector Modelling}{}% 29
\BOOKMARK [1][-]{section.35}{Modelling of ILC Conditions and Physics Processes}{chapter.34}% 30
\BOOKMARK [1][-]{section.36}{Detector Modelling}{chapter.34}% 31
\BOOKMARK [2][-]{subsection.37}{DD4hep}{section.36}% 32
\BOOKMARK [1][-]{section.38}{Reconstruction Tools}{chapter.34}% 33
\BOOKMARK [0][-]{chapter.39}{Detector and Physics Performance}{}% 34
\BOOKMARK [1][-]{section.40}{System performance}{chapter.39}% 35
\BOOKMARK [2][-]{subsection.41}{Vertexing}{section.40}% 36
\BOOKMARK [2][-]{subsection.42}{Tracking}{section.40}% 37
\BOOKMARK [2][-]{subsection.43}{Particle flow performance}{section.40}% 38
\BOOKMARK [2][-]{subsection.44}{Particle identification}{section.40}% 39
\BOOKMARK [1][-]{section.45}{High-level Reconstruction Performance}{chapter.39}% 40
\BOOKMARK [1][-]{section.46}{Physics Benchmarks}{chapter.39}% 41
\BOOKMARK [2][-]{subsection.47}{General Remarks}{section.46}% 42
\BOOKMARK [2][-]{subsection.48}{Hadronic Branching Ratios of the Higgs Boson}{section.46}% 43
\BOOKMARK [2][-]{subsection.49}{Higgs Mass from H bbarb}{section.46}% 44
\BOOKMARK [2][-]{subsection.50}{Branching Ratio of H +-}{section.46}% 45
\BOOKMARK [2][-]{subsection.51}{Sensitivity to H \040invisible}{section.46}% 46
\BOOKMARK [2][-]{subsection.52}{ decay modes and polarisation, AFB and ALR in e+e- +-}{section.46}% 47
\BOOKMARK [2][-]{subsection.53}{W mass, Triple Gauge Couplings and Beam Polarisation from e+e- WW qql}{section.46}% 48
\BOOKMARK [2][-]{subsection.54}{Quartic Gauge Couplings in e+e- qqqq}{section.46}% 49
\BOOKMARK [2][-]{subsection.55}{ALR and Jet Energy Scale Calibration from e+e- Z}{section.46}% 50
\BOOKMARK [2][-]{subsection.56}{AFB and ALR from tt bb qqqq}{section.46}% 51
\BOOKMARK [2][-]{subsection.57}{Discovery Reach for extra Higgs Bosons in e+e- Zh}{section.46}% 52
\BOOKMARK [2][-]{subsection.58}{Discovery Reach for and Characterisation of low M Higgsinos}{section.46}% 53
\BOOKMARK [2][-]{subsection.59}{WIMP Discovery Reach and Characterisation in the Mono-Photon Channel}{section.46}% 54
\BOOKMARK [0][-]{chapter.60}{Costing}{}% 55
\BOOKMARK [0][-]{chapter.61}{Summary}{}% 56
